c:\tout\cours\3eme annee\opengl\opengl\opengl\x64\debug\vc143.pdb
c:\tout\cours\3eme annee\opengl\opengl\opengl\x64\debug\vc143.idb
c:\tout\cours\3eme annee\opengl\opengl\opengl\x64\debug\shader.obj
c:\tout\cours\3eme annee\opengl\opengl\opengl\x64\debug\main.obj
c:\tout\cours\3eme annee\opengl\opengl\opengl\x64\debug\objloader.obj
c:\tout\cours\3eme annee\opengl\opengl\opengl\x64\debug\camera.obj
c:\tout\cours\3eme annee\opengl\opengl\opengl\x64\debug\vboindexer.obj
c:\tout\cours\3eme annee\opengl\opengl\opengl\x64\debug\mesh.obj
c:\tout\cours\3eme annee\opengl\opengl-ynovb3gp\opengl\x64\debug\vc143.pdb
c:\tout\cours\3eme annee\opengl\opengl-ynovb3gp\opengl\x64\debug\vc143.idb
c:\tout\cours\3eme annee\opengl\opengl-ynovb3gp\opengl\x64\debug\shader.obj
c:\tout\cours\3eme annee\opengl\opengl-ynovb3gp\opengl\x64\debug\mesh.obj
c:\tout\cours\3eme annee\opengl\opengl-ynovb3gp\opengl\x64\debug\camera.obj
c:\tout\cours\3eme annee\opengl\opengl-ynovb3gp\opengl\x64\debug\main.obj
c:\tout\cours\3eme annee\opengl\opengl-ynovb3gp\opengl\x64\debug\vboindexer.obj
c:\tout\cours\3eme annee\opengl\opengl-ynovb3gp\opengl\x64\debug\objloader.obj
c:\tout\cours\3eme annee\opengl\opengl\x64\debug\opengl.exe
c:\tout\cours\3eme annee\opengl\opengl\opengl\x64\debug\opengl.ilk
c:\tout\cours\3eme annee\opengl\opengl\x64\debug\opengl.pdb
c:\tout\cours\3eme annee\opengl\opengl\opengl\x64\debug\opengl.res
c:\tout\cours\3eme annee\opengl\opengl-ynovb3gp\opengl\x64\debug\opengl.res
c:\tout\cours\3eme annee\opengl\opengl-ynovb3gp\opengl\x64\debug\main.obj.enc
c:\tout\cours\3eme annee\opengl\opengl-ynovb3gp\opengl\x64\debug\mesh.obj.enc
c:\tout\cours\3eme annee\opengl\opengl-ynovb3gp\x64\debug\opengl.pdb
c:\tout\cours\3eme annee\opengl\opengl-ynovb3gp\opengl\x64\debug\opengl.tlog\cl.command.1.tlog
c:\tout\cours\3eme annee\opengl\opengl-ynovb3gp\opengl\x64\debug\opengl.tlog\cl.read.1.tlog
c:\tout\cours\3eme annee\opengl\opengl-ynovb3gp\opengl\x64\debug\opengl.tlog\cl.write.1.tlog
c:\tout\cours\3eme annee\opengl\opengl-ynovb3gp\opengl\x64\debug\opengl.tlog\link.command.1.tlog
c:\tout\cours\3eme annee\opengl\opengl-ynovb3gp\opengl\x64\debug\opengl.tlog\link.read.1.tlog
c:\tout\cours\3eme annee\opengl\opengl-ynovb3gp\opengl\x64\debug\opengl.tlog\link.write.1.tlog
c:\tout\cours\3eme annee\opengl\opengl-ynovb3gp\opengl\x64\debug\opengl.tlog\rc.command.1.tlog
c:\tout\cours\3eme annee\opengl\opengl-ynovb3gp\opengl\x64\debug\opengl.tlog\rc.read.1.tlog
c:\tout\cours\3eme annee\opengl\opengl-ynovb3gp\opengl\x64\debug\opengl.tlog\rc.write.1.tlog
